{"timestamp": "2025-04-21T10:59:07.576840", "level": "INFO", "message": "Creating database tables...", "module": "main", "function": "lifespan", "line": 33}
{"timestamp": "2025-04-21T10:59:07.581096", "level": "INFO", "message": "Initializing database data...", "module": "main", "function": "lifespan", "line": 39}
{"timestamp": "2025-04-21T10:59:07.587244", "level": "INFO", "message": "VIP levels already initialized, skipping...", "module": "init_data", "function": "init_vip_levels", "line": 21}
{"timestamp": "2025-04-21T10:59:07.588351", "level": "INFO", "message": "Pitch already initialized, skipping...", "module": "init_data", "function": "init_pitches", "line": 75}
{"timestamp": "2025-04-21T10:59:07.588970", "level": "INFO", "message": "PitchIntervalType already initialized, skipping...", "module": "init_data", "function": "init_interval_type", "line": 256}
{"timestamp": "2025-04-21T10:59:07.589536", "level": "INFO", "message": "PitchConcordanceType already initialized, skipping...", "module": "init_data", "function": "init_concordance_type", "line": 272}
{"timestamp": "2025-04-21T10:59:07.590271", "level": "INFO", "message": "PitchInterval already initialized, skipping...", "module": "init_data", "function": "init_intervals", "line": 123}
{"timestamp": "2025-04-21T10:59:07.590814", "level": "INFO", "message": "PitchChordType already initialized, skipping...", "module": "init_data", "function": "init_pitch_chord_type", "line": 288}
{"timestamp": "2025-04-21T10:59:07.591569", "level": "INFO", "message": "PitchChordTypeMapping already initialized, skipping...", "module": "init_data", "function": "init_pitch_chord", "line": 304}
{"timestamp": "2025-04-21T10:59:07.591618", "level": "INFO", "message": "Loading VIP cache...", "module": "main", "function": "lifespan", "line": 48}
{"timestamp": "2025-04-21T10:59:07.591964", "level": "INFO", "message": "Successfully loaded 4 VIP levels into cache", "module": "vip_service", "function": "load_vip_cache", "line": 42}
{"timestamp": "2025-04-21T10:59:07.592004", "level": "INFO", "message": "Loading Pitch cache...", "module": "main", "function": "lifespan", "line": 51}
{"timestamp": "2025-04-21T10:59:07.593561", "level": "INFO", "message": "Successfully loaded 88 Pitch into cache", "module": "pitch_service", "function": "load_pitch_cache", "line": 56}
{"timestamp": "2025-04-21T10:59:07.593605", "level": "INFO", "message": "building Pitch Group cache...", "module": "main", "function": "lifespan", "line": 54}
{"timestamp": "2025-04-21T10:59:07.593756", "level": "INFO", "message": "Successfully build Pitch Group into cache", "module": "pitch_service", "function": "build_pitch_group_cache", "line": 79}
{"timestamp": "2025-04-21T10:59:07.593785", "level": "INFO", "message": "building Pitch Interval cache...", "module": "main", "function": "lifespan", "line": 57}
{"timestamp": "2025-04-21T10:59:07.595660", "level": "INFO", "message": "Successfully built Pitch Interval cache with 26 intervals", "module": "pitch_service", "function": "build_pitch_interval_cache", "line": 142}
{"timestamp": "2025-04-21T10:59:07.595711", "level": "INFO", "message": "building Pitch Chord cache...", "module": "main", "function": "lifespan", "line": 60}
{"timestamp": "2025-04-21T10:59:07.596856", "level": "INFO", "message": "Successfully built Pitch chord cache with 11 intervals", "module": "pitch_service", "function": "build_pitch_chord_cache", "line": 203}
{"timestamp": "2025-04-21T10:59:22.908448", "level": "INFO", "message": "Request started", "module": "logging", "function": "dispatch", "line": 21, "request_id": "00b2b53d-16eb-4e7a-9773-25ec87760564", "ip": "127.0.0.1", "path": "/api/v1/auth/wechat-login", "method": "POST"}
{"timestamp": "2025-04-21T10:59:22.912519", "level": "INFO", "message": "Request completed", "module": "logging", "function": "dispatch", "line": 38, "request_id": "00b2b53d-16eb-4e7a-9773-25ec87760564", "path": "/api/v1/auth/wechat-login", "method": "POST"}
{"timestamp": "2025-04-21T10:59:24.893002", "level": "INFO", "message": "Request started", "module": "logging", "function": "dispatch", "line": 21, "request_id": "c7fe4d36-f172-476a-88d0-bf825da578ec", "ip": "127.0.0.1", "path": "/api/v1/melody/generate", "method": "POST"}
{"timestamp": "2025-04-21T11:01:34.898421", "level": "INFO", "message": "Creating database tables...", "module": "main", "function": "lifespan", "line": 33}
{"timestamp": "2025-04-21T11:01:34.901970", "level": "INFO", "message": "Initializing database data...", "module": "main", "function": "lifespan", "line": 39}
{"timestamp": "2025-04-21T11:01:34.907743", "level": "INFO", "message": "VIP levels already initialized, skipping...", "module": "init_data", "function": "init_vip_levels", "line": 21}
{"timestamp": "2025-04-21T11:01:34.908814", "level": "INFO", "message": "Pitch already initialized, skipping...", "module": "init_data", "function": "init_pitches", "line": 75}
{"timestamp": "2025-04-21T11:01:34.909388", "level": "INFO", "message": "PitchIntervalType already initialized, skipping...", "module": "init_data", "function": "init_interval_type", "line": 256}
{"timestamp": "2025-04-21T11:01:34.909981", "level": "INFO", "message": "PitchConcordanceType already initialized, skipping...", "module": "init_data", "function": "init_concordance_type", "line": 272}
{"timestamp": "2025-04-21T11:01:34.910791", "level": "INFO", "message": "PitchInterval already initialized, skipping...", "module": "init_data", "function": "init_intervals", "line": 123}
{"timestamp": "2025-04-21T11:01:34.911418", "level": "INFO", "message": "PitchChordType already initialized, skipping...", "module": "init_data", "function": "init_pitch_chord_type", "line": 288}
{"timestamp": "2025-04-21T11:01:34.912291", "level": "INFO", "message": "PitchChordTypeMapping already initialized, skipping...", "module": "init_data", "function": "init_pitch_chord", "line": 304}
{"timestamp": "2025-04-21T11:01:34.912347", "level": "INFO", "message": "Loading VIP cache...", "module": "main", "function": "lifespan", "line": 48}
{"timestamp": "2025-04-21T11:01:34.912726", "level": "INFO", "message": "Successfully loaded 4 VIP levels into cache", "module": "vip_service", "function": "load_vip_cache", "line": 42}
{"timestamp": "2025-04-21T11:01:34.912768", "level": "INFO", "message": "Loading Pitch cache...", "module": "main", "function": "lifespan", "line": 51}
{"timestamp": "2025-04-21T11:01:34.914406", "level": "INFO", "message": "Successfully loaded 88 Pitch into cache", "module": "pitch_service", "function": "load_pitch_cache", "line": 56}
{"timestamp": "2025-04-21T11:01:34.914460", "level": "INFO", "message": "building Pitch Group cache...", "module": "main", "function": "lifespan", "line": 54}
{"timestamp": "2025-04-21T11:01:34.914634", "level": "INFO", "message": "Successfully build Pitch Group into cache", "module": "pitch_service", "function": "build_pitch_group_cache", "line": 79}
{"timestamp": "2025-04-21T11:01:34.914669", "level": "INFO", "message": "building Pitch Interval cache...", "module": "main", "function": "lifespan", "line": 57}
{"timestamp": "2025-04-21T11:01:34.918160", "level": "INFO", "message": "Successfully built Pitch Interval cache with 26 intervals", "module": "pitch_service", "function": "build_pitch_interval_cache", "line": 142}
{"timestamp": "2025-04-21T11:01:34.918215", "level": "INFO", "message": "building Pitch Chord cache...", "module": "main", "function": "lifespan", "line": 60}
{"timestamp": "2025-04-21T11:01:34.919441", "level": "INFO", "message": "Successfully built Pitch chord cache with 11 intervals", "module": "pitch_service", "function": "build_pitch_chord_cache", "line": 203}
{"timestamp": "2025-04-21T11:01:38.797869", "level": "INFO", "message": "Request started", "module": "logging", "function": "dispatch", "line": 21, "request_id": "f50557ef-3e6d-4455-a3c9-f801c67fb843", "ip": "127.0.0.1", "path": "/api/v1/auth/wechat-login", "method": "POST"}
{"timestamp": "2025-04-21T11:01:38.802999", "level": "INFO", "message": "Request completed", "module": "logging", "function": "dispatch", "line": 38, "request_id": "f50557ef-3e6d-4455-a3c9-f801c67fb843", "path": "/api/v1/auth/wechat-login", "method": "POST"}
{"timestamp": "2025-04-21T11:01:41.548204", "level": "INFO", "message": "Request started", "module": "logging", "function": "dispatch", "line": 21, "request_id": "619a7d21-1775-488f-b6a9-c5f3d150f1f9", "ip": "127.0.0.1", "path": "/api/v1/melody/generate", "method": "POST"}
{"timestamp": "2025-04-21T11:02:16.787744", "level": "INFO", "message": "Creating database tables...", "module": "main", "function": "lifespan", "line": 33}
{"timestamp": "2025-04-21T11:02:16.792624", "level": "INFO", "message": "Initializing database data...", "module": "main", "function": "lifespan", "line": 39}
{"timestamp": "2025-04-21T11:02:16.800147", "level": "INFO", "message": "VIP levels already initialized, skipping...", "module": "init_data", "function": "init_vip_levels", "line": 21}
{"timestamp": "2025-04-21T11:02:16.801946", "level": "INFO", "message": "Pitch already initialized, skipping...", "module": "init_data", "function": "init_pitches", "line": 75}
{"timestamp": "2025-04-21T11:02:16.803108", "level": "INFO", "message": "PitchIntervalType already initialized, skipping...", "module": "init_data", "function": "init_interval_type", "line": 256}
{"timestamp": "2025-04-21T11:02:16.803938", "level": "INFO", "message": "PitchConcordanceType already initialized, skipping...", "module": "init_data", "function": "init_concordance_type", "line": 272}
{"timestamp": "2025-04-21T11:02:16.804883", "level": "INFO", "message": "PitchInterval already initialized, skipping...", "module": "init_data", "function": "init_intervals", "line": 123}
{"timestamp": "2025-04-21T11:02:16.805588", "level": "INFO", "message": "PitchChordType already initialized, skipping...", "module": "init_data", "function": "init_pitch_chord_type", "line": 288}
{"timestamp": "2025-04-21T11:02:16.806514", "level": "INFO", "message": "PitchChordTypeMapping already initialized, skipping...", "module": "init_data", "function": "init_pitch_chord", "line": 304}
{"timestamp": "2025-04-21T11:02:16.806568", "level": "INFO", "message": "Loading VIP cache...", "module": "main", "function": "lifespan", "line": 48}
{"timestamp": "2025-04-21T11:02:16.806983", "level": "INFO", "message": "Successfully loaded 4 VIP levels into cache", "module": "vip_service", "function": "load_vip_cache", "line": 42}
{"timestamp": "2025-04-21T11:02:16.807026", "level": "INFO", "message": "Loading Pitch cache...", "module": "main", "function": "lifespan", "line": 51}
{"timestamp": "2025-04-21T11:02:16.809017", "level": "INFO", "message": "Successfully loaded 88 Pitch into cache", "module": "pitch_service", "function": "load_pitch_cache", "line": 56}
{"timestamp": "2025-04-21T11:02:16.809071", "level": "INFO", "message": "building Pitch Group cache...", "module": "main", "function": "lifespan", "line": 54}
{"timestamp": "2025-04-21T11:02:16.809231", "level": "INFO", "message": "Successfully build Pitch Group into cache", "module": "pitch_service", "function": "build_pitch_group_cache", "line": 79}
{"timestamp": "2025-04-21T11:02:16.809262", "level": "INFO", "message": "building Pitch Interval cache...", "module": "main", "function": "lifespan", "line": 57}
{"timestamp": "2025-04-21T11:02:16.811567", "level": "INFO", "message": "Successfully built Pitch Interval cache with 26 intervals", "module": "pitch_service", "function": "build_pitch_interval_cache", "line": 142}
{"timestamp": "2025-04-21T11:02:16.811637", "level": "INFO", "message": "building Pitch Chord cache...", "module": "main", "function": "lifespan", "line": 60}
{"timestamp": "2025-04-21T11:02:16.813035", "level": "INFO", "message": "Successfully built Pitch chord cache with 11 intervals", "module": "pitch_service", "function": "build_pitch_chord_cache", "line": 203}
{"timestamp": "2025-04-21T11:02:26.035950", "level": "INFO", "message": "Shutting down application...", "module": "main", "function": "lifespan", "line": 71}
{"timestamp": "2025-04-21T11:02:27.136543", "level": "INFO", "message": "Creating database tables...", "module": "main", "function": "lifespan", "line": 33}
{"timestamp": "2025-04-21T11:02:27.139989", "level": "INFO", "message": "Initializing database data...", "module": "main", "function": "lifespan", "line": 39}
{"timestamp": "2025-04-21T11:02:27.146352", "level": "INFO", "message": "VIP levels already initialized, skipping...", "module": "init_data", "function": "init_vip_levels", "line": 21}
{"timestamp": "2025-04-21T11:02:27.147476", "level": "INFO", "message": "Pitch already initialized, skipping...", "module": "init_data", "function": "init_pitches", "line": 75}
{"timestamp": "2025-04-21T11:02:27.148104", "level": "INFO", "message": "PitchIntervalType already initialized, skipping...", "module": "init_data", "function": "init_interval_type", "line": 256}
{"timestamp": "2025-04-21T11:02:27.148642", "level": "INFO", "message": "PitchConcordanceType already initialized, skipping...", "module": "init_data", "function": "init_concordance_type", "line": 272}
{"timestamp": "2025-04-21T11:02:27.149347", "level": "INFO", "message": "PitchInterval already initialized, skipping...", "module": "init_data", "function": "init_intervals", "line": 123}
{"timestamp": "2025-04-21T11:02:27.149885", "level": "INFO", "message": "PitchChordType already initialized, skipping...", "module": "init_data", "function": "init_pitch_chord_type", "line": 288}
{"timestamp": "2025-04-21T11:02:27.150629", "level": "INFO", "message": "PitchChordTypeMapping already initialized, skipping...", "module": "init_data", "function": "init_pitch_chord", "line": 304}
{"timestamp": "2025-04-21T11:02:27.150681", "level": "INFO", "message": "Loading VIP cache...", "module": "main", "function": "lifespan", "line": 48}
{"timestamp": "2025-04-21T11:02:27.150993", "level": "INFO", "message": "Successfully loaded 4 VIP levels into cache", "module": "vip_service", "function": "load_vip_cache", "line": 42}
{"timestamp": "2025-04-21T11:02:27.151037", "level": "INFO", "message": "Loading Pitch cache...", "module": "main", "function": "lifespan", "line": 51}
{"timestamp": "2025-04-21T11:02:27.152622", "level": "INFO", "message": "Successfully loaded 88 Pitch into cache", "module": "pitch_service", "function": "load_pitch_cache", "line": 56}
{"timestamp": "2025-04-21T11:02:27.152674", "level": "INFO", "message": "building Pitch Group cache...", "module": "main", "function": "lifespan", "line": 54}
{"timestamp": "2025-04-21T11:02:27.152832", "level": "INFO", "message": "Successfully build Pitch Group into cache", "module": "pitch_service", "function": "build_pitch_group_cache", "line": 79}
{"timestamp": "2025-04-21T11:02:27.152864", "level": "INFO", "message": "building Pitch Interval cache...", "module": "main", "function": "lifespan", "line": 57}
{"timestamp": "2025-04-21T11:02:27.154689", "level": "INFO", "message": "Successfully built Pitch Interval cache with 26 intervals", "module": "pitch_service", "function": "build_pitch_interval_cache", "line": 142}
{"timestamp": "2025-04-21T11:02:27.154747", "level": "INFO", "message": "building Pitch Chord cache...", "module": "main", "function": "lifespan", "line": 60}
{"timestamp": "2025-04-21T11:02:27.155812", "level": "INFO", "message": "Successfully built Pitch chord cache with 11 intervals", "module": "pitch_service", "function": "build_pitch_chord_cache", "line": 203}
{"timestamp": "2025-04-21T11:02:36.281997", "level": "INFO", "message": "Shutting down application...", "module": "main", "function": "lifespan", "line": 71}
{"timestamp": "2025-04-21T11:02:45.259855", "level": "INFO", "message": "Creating database tables...", "module": "main", "function": "lifespan", "line": 33}
{"timestamp": "2025-04-21T11:02:45.262795", "level": "INFO", "message": "Initializing database data...", "module": "main", "function": "lifespan", "line": 39}
{"timestamp": "2025-04-21T11:02:45.268435", "level": "INFO", "message": "VIP levels already initialized, skipping...", "module": "init_data", "function": "init_vip_levels", "line": 21}
{"timestamp": "2025-04-21T11:02:45.269437", "level": "INFO", "message": "Pitch already initialized, skipping...", "module": "init_data", "function": "init_pitches", "line": 75}
{"timestamp": "2025-04-21T11:02:45.269998", "level": "INFO", "message": "PitchIntervalType already initialized, skipping...", "module": "init_data", "function": "init_interval_type", "line": 256}
{"timestamp": "2025-04-21T11:02:45.270529", "level": "INFO", "message": "PitchConcordanceType already initialized, skipping...", "module": "init_data", "function": "init_concordance_type", "line": 272}
{"timestamp": "2025-04-21T11:02:45.271203", "level": "INFO", "message": "PitchInterval already initialized, skipping...", "module": "init_data", "function": "init_intervals", "line": 123}
{"timestamp": "2025-04-21T11:02:45.271731", "level": "INFO", "message": "PitchChordType already initialized, skipping...", "module": "init_data", "function": "init_pitch_chord_type", "line": 288}
{"timestamp": "2025-04-21T11:02:45.272465", "level": "INFO", "message": "PitchChordTypeMapping already initialized, skipping...", "module": "init_data", "function": "init_pitch_chord", "line": 304}
{"timestamp": "2025-04-21T11:02:45.272511", "level": "INFO", "message": "Loading VIP cache...", "module": "main", "function": "lifespan", "line": 48}
{"timestamp": "2025-04-21T11:02:45.272832", "level": "INFO", "message": "Successfully loaded 4 VIP levels into cache", "module": "vip_service", "function": "load_vip_cache", "line": 42}
{"timestamp": "2025-04-21T11:02:45.272870", "level": "INFO", "message": "Loading Pitch cache...", "module": "main", "function": "lifespan", "line": 51}
{"timestamp": "2025-04-21T11:02:45.274253", "level": "INFO", "message": "Successfully loaded 88 Pitch into cache", "module": "pitch_service", "function": "load_pitch_cache", "line": 56}
{"timestamp": "2025-04-21T11:02:45.274294", "level": "INFO", "message": "building Pitch Group cache...", "module": "main", "function": "lifespan", "line": 54}
{"timestamp": "2025-04-21T11:02:45.274453", "level": "INFO", "message": "Successfully build Pitch Group into cache", "module": "pitch_service", "function": "build_pitch_group_cache", "line": 79}
{"timestamp": "2025-04-21T11:02:45.274483", "level": "INFO", "message": "building Pitch Interval cache...", "module": "main", "function": "lifespan", "line": 57}
{"timestamp": "2025-04-21T11:02:45.276298", "level": "INFO", "message": "Successfully built Pitch Interval cache with 26 intervals", "module": "pitch_service", "function": "build_pitch_interval_cache", "line": 142}
{"timestamp": "2025-04-21T11:02:45.276348", "level": "INFO", "message": "building Pitch Chord cache...", "module": "main", "function": "lifespan", "line": 60}
{"timestamp": "2025-04-21T11:02:45.277421", "level": "INFO", "message": "Successfully built Pitch chord cache with 11 intervals", "module": "pitch_service", "function": "build_pitch_chord_cache", "line": 203}
{"timestamp": "2025-04-21T11:02:51.208218", "level": "INFO", "message": "Request started", "module": "logging", "function": "dispatch", "line": 21, "request_id": "2964e1a5-16fe-4e9f-989d-438b0133b2a0", "ip": "127.0.0.1", "path": "/api/v1/auth/wechat-login", "method": "POST"}
{"timestamp": "2025-04-21T11:02:51.212358", "level": "INFO", "message": "Request completed", "module": "logging", "function": "dispatch", "line": 38, "request_id": "2964e1a5-16fe-4e9f-989d-438b0133b2a0", "path": "/api/v1/auth/wechat-login", "method": "POST"}
{"timestamp": "2025-04-21T11:02:53.166959", "level": "INFO", "message": "Request started", "module": "logging", "function": "dispatch", "line": 21, "request_id": "d0631e85-4574-4135-8407-2b0ae24c8e80", "ip": "127.0.0.1", "path": "/api/v1/melody/generate", "method": "POST"}
{"timestamp": "2025-04-21T11:06:17.030680", "level": "INFO", "message": "Creating database tables...", "module": "main", "function": "lifespan", "line": 33}
{"timestamp": "2025-04-21T11:06:17.034589", "level": "INFO", "message": "Initializing database data...", "module": "main", "function": "lifespan", "line": 39}
{"timestamp": "2025-04-21T11:06:17.040922", "level": "INFO", "message": "VIP levels already initialized, skipping...", "module": "init_data", "function": "init_vip_levels", "line": 21}
{"timestamp": "2025-04-21T11:06:17.042036", "level": "INFO", "message": "Pitch already initialized, skipping...", "module": "init_data", "function": "init_pitches", "line": 75}
{"timestamp": "2025-04-21T11:06:17.042660", "level": "INFO", "message": "PitchIntervalType already initialized, skipping...", "module": "init_data", "function": "init_interval_type", "line": 256}
{"timestamp": "2025-04-21T11:06:17.043191", "level": "INFO", "message": "PitchConcordanceType already initialized, skipping...", "module": "init_data", "function": "init_concordance_type", "line": 272}
{"timestamp": "2025-04-21T11:06:17.043936", "level": "INFO", "message": "PitchInterval already initialized, skipping...", "module": "init_data", "function": "init_intervals", "line": 123}
{"timestamp": "2025-04-21T11:06:17.044482", "level": "INFO", "message": "PitchChordType already initialized, skipping...", "module": "init_data", "function": "init_pitch_chord_type", "line": 288}
{"timestamp": "2025-04-21T11:06:17.045250", "level": "INFO", "message": "PitchChordTypeMapping already initialized, skipping...", "module": "init_data", "function": "init_pitch_chord", "line": 304}
{"timestamp": "2025-04-21T11:06:17.045300", "level": "INFO", "message": "Loading VIP cache...", "module": "main", "function": "lifespan", "line": 48}
{"timestamp": "2025-04-21T11:06:17.045608", "level": "INFO", "message": "Successfully loaded 4 VIP levels into cache", "module": "vip_service", "function": "load_vip_cache", "line": 42}
{"timestamp": "2025-04-21T11:06:17.045649", "level": "INFO", "message": "Loading Pitch cache...", "module": "main", "function": "lifespan", "line": 51}
{"timestamp": "2025-04-21T11:06:17.047156", "level": "INFO", "message": "Successfully loaded 88 Pitch into cache", "module": "pitch_service", "function": "load_pitch_cache", "line": 56}
{"timestamp": "2025-04-21T11:06:17.047201", "level": "INFO", "message": "building Pitch Group cache...", "module": "main", "function": "lifespan", "line": 54}
{"timestamp": "2025-04-21T11:06:17.047354", "level": "INFO", "message": "Successfully build Pitch Group into cache", "module": "pitch_service", "function": "build_pitch_group_cache", "line": 79}
{"timestamp": "2025-04-21T11:06:17.047384", "level": "INFO", "message": "building Pitch Interval cache...", "module": "main", "function": "lifespan", "line": 57}
{"timestamp": "2025-04-21T11:06:17.049545", "level": "INFO", "message": "Successfully built Pitch Interval cache with 26 intervals", "module": "pitch_service", "function": "build_pitch_interval_cache", "line": 142}
{"timestamp": "2025-04-21T11:06:17.049604", "level": "INFO", "message": "building Pitch Chord cache...", "module": "main", "function": "lifespan", "line": 60}
{"timestamp": "2025-04-21T11:06:17.050724", "level": "INFO", "message": "Successfully built Pitch chord cache with 11 intervals", "module": "pitch_service", "function": "build_pitch_chord_cache", "line": 203}
{"timestamp": "2025-04-21T11:06:21.163518", "level": "INFO", "message": "Request started", "module": "logging", "function": "dispatch", "line": 21, "request_id": "c6f1506d-36fe-4c15-99b8-1ffdbea26c08", "ip": "127.0.0.1", "path": "/api/v1/auth/wechat-login", "method": "POST"}
{"timestamp": "2025-04-21T11:06:21.167712", "level": "INFO", "message": "Request completed", "module": "logging", "function": "dispatch", "line": 38, "request_id": "c6f1506d-36fe-4c15-99b8-1ffdbea26c08", "path": "/api/v1/auth/wechat-login", "method": "POST"}
{"timestamp": "2025-04-21T11:06:22.823743", "level": "INFO", "message": "Request started", "module": "logging", "function": "dispatch", "line": 21, "request_id": "a36fd4e3-301e-40cf-80f4-9538e8e1c2cd", "ip": "127.0.0.1", "path": "/api/v1/melody/generate", "method": "POST"}
{"timestamp": "2025-04-21T11:07:53.944909", "level": "INFO", "message": "Creating database tables...", "module": "main", "function": "lifespan", "line": 33}
{"timestamp": "2025-04-21T11:07:53.949310", "level": "INFO", "message": "Initializing database data...", "module": "main", "function": "lifespan", "line": 39}
{"timestamp": "2025-04-21T11:07:53.957116", "level": "INFO", "message": "VIP levels already initialized, skipping...", "module": "init_data", "function": "init_vip_levels", "line": 21}
{"timestamp": "2025-04-21T11:07:53.958854", "level": "INFO", "message": "Pitch already initialized, skipping...", "module": "init_data", "function": "init_pitches", "line": 75}
{"timestamp": "2025-04-21T11:07:53.959842", "level": "INFO", "message": "PitchIntervalType already initialized, skipping...", "module": "init_data", "function": "init_interval_type", "line": 256}
{"timestamp": "2025-04-21T11:07:53.960800", "level": "INFO", "message": "PitchConcordanceType already initialized, skipping...", "module": "init_data", "function": "init_concordance_type", "line": 272}
{"timestamp": "2025-04-21T11:07:53.962100", "level": "INFO", "message": "PitchInterval already initialized, skipping...", "module": "init_data", "function": "init_intervals", "line": 123}
{"timestamp": "2025-04-21T11:07:53.963037", "level": "INFO", "message": "PitchChordType already initialized, skipping...", "module": "init_data", "function": "init_pitch_chord_type", "line": 288}
{"timestamp": "2025-04-21T11:07:53.964110", "level": "INFO", "message": "PitchChordTypeMapping already initialized, skipping...", "module": "init_data", "function": "init_pitch_chord", "line": 304}
{"timestamp": "2025-04-21T11:07:53.964201", "level": "INFO", "message": "Loading VIP cache...", "module": "main", "function": "lifespan", "line": 48}
{"timestamp": "2025-04-21T11:07:53.964748", "level": "INFO", "message": "Successfully loaded 4 VIP levels into cache", "module": "vip_service", "function": "load_vip_cache", "line": 42}
{"timestamp": "2025-04-21T11:07:53.964828", "level": "INFO", "message": "Loading Pitch cache...", "module": "main", "function": "lifespan", "line": 51}
{"timestamp": "2025-04-21T11:07:53.967096", "level": "INFO", "message": "Successfully loaded 88 Pitch into cache", "module": "pitch_service", "function": "load_pitch_cache", "line": 56}
{"timestamp": "2025-04-21T11:07:53.967186", "level": "INFO", "message": "building Pitch Group cache...", "module": "main", "function": "lifespan", "line": 54}
{"timestamp": "2025-04-21T11:07:53.967453", "level": "INFO", "message": "Successfully build Pitch Group into cache", "module": "pitch_service", "function": "build_pitch_group_cache", "line": 79}
{"timestamp": "2025-04-21T11:07:53.967519", "level": "INFO", "message": "building Pitch Interval cache...", "module": "main", "function": "lifespan", "line": 57}
{"timestamp": "2025-04-21T11:07:53.970784", "level": "INFO", "message": "Successfully built Pitch Interval cache with 26 intervals", "module": "pitch_service", "function": "build_pitch_interval_cache", "line": 142}
{"timestamp": "2025-04-21T11:07:53.970892", "level": "INFO", "message": "building Pitch Chord cache...", "module": "main", "function": "lifespan", "line": 60}
{"timestamp": "2025-04-21T11:07:53.972846", "level": "INFO", "message": "Successfully built Pitch chord cache with 11 intervals", "module": "pitch_service", "function": "build_pitch_chord_cache", "line": 203}
{"timestamp": "2025-04-21T11:07:58.760533", "level": "INFO", "message": "Request started", "module": "logging", "function": "dispatch", "line": 21, "request_id": "795bf4e8-e9ac-4b51-80c6-87ff55268b40", "ip": "127.0.0.1", "path": "/api/v1/auth/wechat-login", "method": "POST"}
{"timestamp": "2025-04-21T11:07:58.764888", "level": "INFO", "message": "Request completed", "module": "logging", "function": "dispatch", "line": 38, "request_id": "795bf4e8-e9ac-4b51-80c6-87ff55268b40", "path": "/api/v1/auth/wechat-login", "method": "POST"}
{"timestamp": "2025-04-21T11:08:00.645309", "level": "INFO", "message": "Request started", "module": "logging", "function": "dispatch", "line": 21, "request_id": "a61b4fa0-d758-40a2-86ae-b358287d38ab", "ip": "127.0.0.1", "path": "/api/v1/melody/generate", "method": "POST"}
{"timestamp": "2025-04-21T11:08:00.649565", "level": "INFO", "message": "Request completed", "module": "logging", "function": "dispatch", "line": 38, "request_id": "a61b4fa0-d758-40a2-86ae-b358287d38ab", "path": "/api/v1/melody/generate", "method": "POST"}
{"timestamp": "2025-04-21T11:14:47.175962", "level": "INFO", "message": "Shutting down application...", "module": "main", "function": "lifespan", "line": 71}
{"timestamp": "2025-04-21T11:14:48.262171", "level": "INFO", "message": "Creating database tables...", "module": "main", "function": "lifespan", "line": 33}
{"timestamp": "2025-04-21T11:14:48.265898", "level": "INFO", "message": "Initializing database data...", "module": "main", "function": "lifespan", "line": 39}
{"timestamp": "2025-04-21T11:14:48.272077", "level": "INFO", "message": "VIP levels already initialized, skipping...", "module": "init_data", "function": "init_vip_levels", "line": 21}
{"timestamp": "2025-04-21T11:14:48.273217", "level": "INFO", "message": "Pitch already initialized, skipping...", "module": "init_data", "function": "init_pitches", "line": 75}
{"timestamp": "2025-04-21T11:14:48.273789", "level": "INFO", "message": "PitchIntervalType already initialized, skipping...", "module": "init_data", "function": "init_interval_type", "line": 256}
{"timestamp": "2025-04-21T11:14:48.274318", "level": "INFO", "message": "PitchConcordanceType already initialized, skipping...", "module": "init_data", "function": "init_concordance_type", "line": 272}
{"timestamp": "2025-04-21T11:14:48.275078", "level": "INFO", "message": "PitchInterval already initialized, skipping...", "module": "init_data", "function": "init_intervals", "line": 123}
{"timestamp": "2025-04-21T11:14:48.275651", "level": "INFO", "message": "PitchChordType already initialized, skipping...", "module": "init_data", "function": "init_pitch_chord_type", "line": 288}
{"timestamp": "2025-04-21T11:14:48.276426", "level": "INFO", "message": "PitchChordTypeMapping already initialized, skipping...", "module": "init_data", "function": "init_pitch_chord", "line": 304}
{"timestamp": "2025-04-21T11:14:48.276474", "level": "INFO", "message": "Loading VIP cache...", "module": "main", "function": "lifespan", "line": 48}
{"timestamp": "2025-04-21T11:14:48.276837", "level": "INFO", "message": "Successfully loaded 4 VIP levels into cache", "module": "vip_service", "function": "load_vip_cache", "line": 42}
{"timestamp": "2025-04-21T11:14:48.276882", "level": "INFO", "message": "Loading Pitch cache...", "module": "main", "function": "lifespan", "line": 51}
{"timestamp": "2025-04-21T11:14:48.278470", "level": "INFO", "message": "Successfully loaded 88 Pitch into cache", "module": "pitch_service", "function": "load_pitch_cache", "line": 56}
{"timestamp": "2025-04-21T11:14:48.278518", "level": "INFO", "message": "building Pitch Group cache...", "module": "main", "function": "lifespan", "line": 54}
{"timestamp": "2025-04-21T11:14:48.278664", "level": "INFO", "message": "Successfully build Pitch Group into cache", "module": "pitch_service", "function": "build_pitch_group_cache", "line": 79}
{"timestamp": "2025-04-21T11:14:48.278693", "level": "INFO", "message": "building Pitch Interval cache...", "module": "main", "function": "lifespan", "line": 57}
{"timestamp": "2025-04-21T11:14:48.280614", "level": "INFO", "message": "Successfully built Pitch Interval cache with 26 intervals", "module": "pitch_service", "function": "build_pitch_interval_cache", "line": 142}
{"timestamp": "2025-04-21T11:14:48.280668", "level": "INFO", "message": "building Pitch Chord cache...", "module": "main", "function": "lifespan", "line": 60}
{"timestamp": "2025-04-21T11:14:48.281751", "level": "INFO", "message": "Successfully built Pitch chord cache with 11 intervals", "module": "pitch_service", "function": "build_pitch_chord_cache", "line": 203}
{"timestamp": "2025-04-21T11:25:54.455556", "level": "INFO", "message": "Shutting down application...", "module": "main", "function": "lifespan", "line": 71}
{"timestamp": "2025-04-21T11:25:55.762718", "level": "INFO", "message": "Creating database tables...", "module": "main", "function": "lifespan", "line": 33}
{"timestamp": "2025-04-21T11:25:55.766381", "level": "INFO", "message": "Initializing database data...", "module": "main", "function": "lifespan", "line": 39}
{"timestamp": "2025-04-21T11:25:55.772672", "level": "INFO", "message": "VIP levels already initialized, skipping...", "module": "init_data", "function": "init_vip_levels", "line": 21}
{"timestamp": "2025-04-21T11:25:55.773839", "level": "INFO", "message": "Pitch already initialized, skipping...", "module": "init_data", "function": "init_pitches", "line": 75}
{"timestamp": "2025-04-21T11:25:55.774421", "level": "INFO", "message": "PitchIntervalType already initialized, skipping...", "module": "init_data", "function": "init_interval_type", "line": 256}
{"timestamp": "2025-04-21T11:25:55.774955", "level": "INFO", "message": "PitchConcordanceType already initialized, skipping...", "module": "init_data", "function": "init_concordance_type", "line": 272}
{"timestamp": "2025-04-21T11:25:55.775658", "level": "INFO", "message": "PitchInterval already initialized, skipping...", "module": "init_data", "function": "init_intervals", "line": 123}
{"timestamp": "2025-04-21T11:25:55.776376", "level": "INFO", "message": "PitchChordType already initialized, skipping...", "module": "init_data", "function": "init_pitch_chord_type", "line": 288}
{"timestamp": "2025-04-21T11:25:55.777621", "level": "INFO", "message": "PitchChordTypeMapping already initialized, skipping...", "module": "init_data", "function": "init_pitch_chord", "line": 304}
{"timestamp": "2025-04-21T11:25:55.777669", "level": "INFO", "message": "Loading VIP cache...", "module": "main", "function": "lifespan", "line": 48}
{"timestamp": "2025-04-21T11:25:55.777984", "level": "INFO", "message": "Successfully loaded 4 VIP levels into cache", "module": "vip_service", "function": "load_vip_cache", "line": 42}
{"timestamp": "2025-04-21T11:25:55.778022", "level": "INFO", "message": "Loading Pitch cache...", "module": "main", "function": "lifespan", "line": 51}
{"timestamp": "2025-04-21T11:25:55.779660", "level": "INFO", "message": "Successfully loaded 88 Pitch into cache", "module": "pitch_service", "function": "load_pitch_cache", "line": 56}
{"timestamp": "2025-04-21T11:25:55.779706", "level": "INFO", "message": "building Pitch Group cache...", "module": "main", "function": "lifespan", "line": 54}
{"timestamp": "2025-04-21T11:25:55.779854", "level": "INFO", "message": "Successfully build Pitch Group into cache", "module": "pitch_service", "function": "build_pitch_group_cache", "line": 79}
{"timestamp": "2025-04-21T11:25:55.779887", "level": "INFO", "message": "building Pitch Interval cache...", "module": "main", "function": "lifespan", "line": 57}
{"timestamp": "2025-04-21T11:25:55.781813", "level": "INFO", "message": "Successfully built Pitch Interval cache with 26 intervals", "module": "pitch_service", "function": "build_pitch_interval_cache", "line": 142}
{"timestamp": "2025-04-21T11:25:55.781864", "level": "INFO", "message": "building Pitch Chord cache...", "module": "main", "function": "lifespan", "line": 60}
{"timestamp": "2025-04-21T11:25:55.782958", "level": "INFO", "message": "Successfully built Pitch chord cache with 11 intervals", "module": "pitch_service", "function": "build_pitch_chord_cache", "line": 203}
{"timestamp": "2025-04-21T11:26:00.854008", "level": "INFO", "message": "Request started", "module": "logging", "function": "dispatch", "line": 21, "request_id": "fccf4e42-e923-41d2-9a47-e8b811c3adb1", "ip": "127.0.0.1", "path": "/api/v1/auth/wechat-login", "method": "POST"}
{"timestamp": "2025-04-21T11:26:00.858334", "level": "INFO", "message": "Request completed", "module": "logging", "function": "dispatch", "line": 38, "request_id": "fccf4e42-e923-41d2-9a47-e8b811c3adb1", "path": "/api/v1/auth/wechat-login", "method": "POST"}
{"timestamp": "2025-04-21T11:26:02.906671", "level": "INFO", "message": "Request started", "module": "logging", "function": "dispatch", "line": 21, "request_id": "c156027e-41b2-4425-be36-5038a36126fa", "ip": "127.0.0.1", "path": "/api/v1/melody/generate", "method": "POST"}
{"timestamp": "2025-04-21T11:26:02.910353", "level": "INFO", "message": "Request completed", "module": "logging", "function": "dispatch", "line": 38, "request_id": "c156027e-41b2-4425-be36-5038a36126fa", "path": "/api/v1/melody/generate", "method": "POST"}
{"timestamp": "2025-04-21T11:27:22.525085", "level": "INFO", "message": "Request started", "module": "logging", "function": "dispatch", "line": 21, "request_id": "eabeb298-ec87-4cbe-afc7-d7dd26a79a43", "ip": "127.0.0.1", "path": "/api/v1/melody/generate", "method": "POST"}
{"timestamp": "2025-04-21T11:27:22.528151", "level": "INFO", "message": "Request completed", "module": "logging", "function": "dispatch", "line": 38, "request_id": "eabeb298-ec87-4cbe-afc7-d7dd26a79a43", "path": "/api/v1/melody/generate", "method": "POST"}
{"timestamp": "2025-04-21T11:27:23.663330", "level": "INFO", "message": "Request started", "module": "logging", "function": "dispatch", "line": 21, "request_id": "df7a5ce4-7387-4702-b46c-82d2a4dc94f4", "ip": "127.0.0.1", "path": "/api/v1/melody/generate", "method": "POST"}
{"timestamp": "2025-04-21T11:27:23.666693", "level": "INFO", "message": "Request completed", "module": "logging", "function": "dispatch", "line": 38, "request_id": "df7a5ce4-7387-4702-b46c-82d2a4dc94f4", "path": "/api/v1/melody/generate", "method": "POST"}
{"timestamp": "2025-04-21T11:27:24.530485", "level": "INFO", "message": "Request started", "module": "logging", "function": "dispatch", "line": 21, "request_id": "a40af942-5c24-4965-8121-87f9c4383c34", "ip": "127.0.0.1", "path": "/api/v1/melody/generate", "method": "POST"}
{"timestamp": "2025-04-21T11:27:24.535270", "level": "INFO", "message": "Request completed", "module": "logging", "function": "dispatch", "line": 38, "request_id": "a40af942-5c24-4965-8121-87f9c4383c34", "path": "/api/v1/melody/generate", "method": "POST"}
{"timestamp": "2025-04-21T11:27:25.306104", "level": "INFO", "message": "Request started", "module": "logging", "function": "dispatch", "line": 21, "request_id": "467ac26b-b848-4eb2-916f-eb3c92df4110", "ip": "127.0.0.1", "path": "/api/v1/melody/generate", "method": "POST"}
{"timestamp": "2025-04-21T11:27:25.309276", "level": "INFO", "message": "Request completed", "module": "logging", "function": "dispatch", "line": 38, "request_id": "467ac26b-b848-4eb2-916f-eb3c92df4110", "path": "/api/v1/melody/generate", "method": "POST"}
{"timestamp": "2025-04-21T11:27:26.162193", "level": "INFO", "message": "Request started", "module": "logging", "function": "dispatch", "line": 21, "request_id": "18b20593-be3b-4d01-8b70-72d752e7568f", "ip": "127.0.0.1", "path": "/api/v1/melody/generate", "method": "POST"}
{"timestamp": "2025-04-21T11:27:26.165355", "level": "INFO", "message": "Request completed", "module": "logging", "function": "dispatch", "line": 38, "request_id": "18b20593-be3b-4d01-8b70-72d752e7568f", "path": "/api/v1/melody/generate", "method": "POST"}
{"timestamp": "2025-04-21T11:27:26.971205", "level": "INFO", "message": "Request started", "module": "logging", "function": "dispatch", "line": 21, "request_id": "d76c84df-fd17-49c7-9059-4dc50a3f98a0", "ip": "127.0.0.1", "path": "/api/v1/melody/generate", "method": "POST"}
{"timestamp": "2025-04-21T11:27:26.974836", "level": "INFO", "message": "Request completed", "module": "logging", "function": "dispatch", "line": 38, "request_id": "d76c84df-fd17-49c7-9059-4dc50a3f98a0", "path": "/api/v1/melody/generate", "method": "POST"}
{"timestamp": "2025-04-21T11:27:27.793957", "level": "INFO", "message": "Request started", "module": "logging", "function": "dispatch", "line": 21, "request_id": "b87b2f75-a859-4048-9092-46e5086d7340", "ip": "127.0.0.1", "path": "/api/v1/melody/generate", "method": "POST"}
{"timestamp": "2025-04-21T11:27:27.796643", "level": "INFO", "message": "Request completed", "module": "logging", "function": "dispatch", "line": 38, "request_id": "b87b2f75-a859-4048-9092-46e5086d7340", "path": "/api/v1/melody/generate", "method": "POST"}
{"timestamp": "2025-04-21T11:30:31.197087", "level": "INFO", "message": "Shutting down application...", "module": "main", "function": "lifespan", "line": 71}
